This file contains any messages produced by compilers while
running configure, to aid debugging if configure makes a mistake.

It was created by expat configure 2.2.0, which was
generated by GNU Autoconf 2.69.  Invocation command line was

  $ ./configure --disable-option-checking --prefix=/usr/local --cache-file=/dev/null --srcdir=.

## --------- ##
## Platform. ##
## --------- ##

hostname = MikeSmith-2.local
uname -m = x86_64
uname -r = 16.6.0
uname -s = Darwin
uname -v = Darwin Kernel Version 16.6.0: Fri Apr 14 16:21:16 PDT 2017; root:xnu-3789.60.24~6/RELEASE_X86_64

/usr/bin/uname -p = i386
/bin/uname -X     = unknown

/bin/arch              = unknown
/usr/bin/arch -k       = unknown
/usr/convex/getsysinfo = unknown
/usr/bin/hostinfo      = Mach kernel version:
	 Darwin Kernel Version 16.6.0: Fri Apr 14 16:21:16 PDT 2017; root:xnu-3789.60.24~6/RELEASE_X86_64
Kernel configured for up to 8 processors.
4 processors are physically available.
8 processors are logically available.
Processor type: x86_64h (Intel x86-64h Haswell)
Processors active: 0 1 2 3 4 5 6 7
Primary memory available: 16.00 gigabytes
Default processor set: 397 tasks, 2126 threads, 8 processors
Load average: 2.31, Mach factor: 5.68
/bin/machine           = unknown
/usr/bin/oslevel       = unknown
/bin/universe          = unknown

PATH: /Users/mike/.cargo/bin
PATH: /Users/mike/perl5/bin
PATH: /Users/mike/workspace/ghi
PATH: /Users/mike/workspace/gpr
PATH: /Users/mike/workspace/github-release
PATH: /Users/mike/workspace/wattsi/bin
PATH: /usr/local/heroku/bin
PATH: /usr/local/sbin
PATH: /usr/local/bin
PATH: /usr/bin
PATH: /bin
PATH: /usr/sbin
PATH: /sbin
PATH: /opt/X11/bin
PATH: /opt/golang/bin
PATH: /usr/local/opt/go/libexec/bin


## ----------- ##
## Core tests. ##
## ----------- ##

configure:2411: checking build system type
configure:2425: result: x86_64-apple-darwin16.6.0
configure:2445: checking host system type
configure:2458: result: x86_64-apple-darwin16.6.0
configure:2827: checking how to print strings
configure:2854: result: printf
configure:2923: checking for gcc
configure:2939: found /usr/bin/gcc
configure:2950: result: gcc
configure:3179: checking for C compiler version
configure:3188: gcc --version >&5
Apple LLVM version 8.1.0 (clang-802.0.42)
Target: x86_64-apple-darwin16.6.0
Thread model: posix
InstalledDir: /Applications/Xcode.app/Contents/Developer/Toolchains/XcodeDefault.xctoolchain/usr/bin
Configured with: --prefix=/Applications/Xcode.app/Contents/Developer/usr --with-gxx-include-dir=/usr/include/c++/4.2.1
configure:3199: $? = 0
configure:3188: gcc -v >&5
Configured with: --prefix=/Applications/Xcode.app/Contents/Developer/usr --with-gxx-include-dir=/usr/include/c++/4.2.1
Apple LLVM version 8.1.0 (clang-802.0.42)
Target: x86_64-apple-darwin16.6.0
Thread model: posix
InstalledDir: /Applications/Xcode.app/Contents/Developer/Toolchains/XcodeDefault.xctoolchain/usr/bin
configure:3199: $? = 0
configure:3188: gcc -V >&5
clang: error: argument to '-V' is missing (expected 1 value)
clang: error: no input files
configure:3199: $? = 1
configure:3188: gcc -qversion >&5
clang: error: unknown argument: '-qversion'
clang: error: no input files
configure:3199: $? = 1
configure:3219: checking whether the C compiler works
configure:3241: gcc    conftest.c  >&5
configure:3245: $? = 0
configure:3293: result: yes
configure:3296: checking for C compiler default output file name
configure:3298: result: a.out
configure:3304: checking for suffix of executables
configure:3311: gcc -o conftest    conftest.c  >&5
configure:3315: $? = 0
configure:3337: result: 
configure:3359: checking whether we are cross compiling
configure:3367: gcc -o conftest    conftest.c  >&5
configure:3371: $? = 0
configure:3378: ./conftest
configure:3382: $? = 0
configure:3397: result: no
configure:3402: checking for suffix of object files
configure:3424: gcc -c   conftest.c >&5
configure:3428: $? = 0
configure:3449: result: o
configure:3453: checking whether we are using the GNU C compiler
configure:3472: gcc -c   conftest.c >&5
configure:3472: $? = 0
configure:3481: result: yes
configure:3490: checking whether gcc accepts -g
configure:3510: gcc -c -g  conftest.c >&5
configure:3510: $? = 0
configure:3551: result: yes
configure:3568: checking for gcc option to accept ISO C89
configure:3631: gcc  -c -g -O2  conftest.c >&5
configure:3631: $? = 0
configure:3644: result: none needed
configure:3664: checking for a sed that does not truncate output
configure:3728: result: /usr/local/bin/gsed
configure:3746: checking for grep that handles long lines and -e
configure:3804: result: /usr/local/bin/ggrep
configure:3809: checking for egrep
configure:3871: result: /usr/local/bin/ggrep -E
configure:3876: checking for fgrep
configure:3938: result: /usr/local/bin/ggrep -F
configure:3973: checking for ld used by gcc
configure:4040: result: /Applications/Xcode.app/Contents/Developer/Toolchains/XcodeDefault.xctoolchain/usr/bin/ld
configure:4047: checking if the linker (/Applications/Xcode.app/Contents/Developer/Toolchains/XcodeDefault.xctoolchain/usr/bin/ld) is GNU ld
configure:4062: result: no
configure:4074: checking for BSD- or MS-compatible name lister (nm)
configure:4128: result: /usr/bin/nm -B
configure:4258: checking the name lister (/usr/bin/nm -B) interface
configure:4265: gcc -c -g -O2  conftest.c >&5
configure:4268: /usr/bin/nm -B "conftest.o"
configure:4271: output
00000000000001f8 S _some_variable
configure:4278: result: BSD nm
configure:4281: checking whether ln -s works
configure:4285: result: yes
configure:4293: checking the maximum length of command line arguments
configure:4424: result: 196608
configure:4472: checking how to convert x86_64-apple-darwin16.6.0 file names to x86_64-apple-darwin16.6.0 format
configure:4512: result: func_convert_file_noop
configure:4519: checking how to convert x86_64-apple-darwin16.6.0 file names to toolchain format
configure:4539: result: func_convert_file_noop
configure:4546: checking for /Applications/Xcode.app/Contents/Developer/Toolchains/XcodeDefault.xctoolchain/usr/bin/ld option to reload object files
configure:4553: result: -r
configure:4627: checking for objdump
configure:4654: result: objdump
configure:4683: checking how to recognize dependent libraries
configure:4883: result: pass_all
configure:4968: checking for dlltool
configure:4995: result: dlltool
configure:5025: checking how to associate runtime and link libraries
configure:5052: result: printf %s\n
configure:5113: checking for ar
configure:5129: found /usr/bin/ar
configure:5140: result: ar
configure:5177: checking for archiver @FILE support
configure:5194: gcc -c -g -O2  conftest.c >&5
configure:5194: $? = 0
configure:5197: ar cru libconftest.a @conftest.lst >&5
ar: @conftest.lst: No such file or directory
configure:5200: $? = 1
configure:5220: result: no
configure:5278: checking for strip
configure:5294: found /usr/bin/strip
configure:5305: result: strip
configure:5377: checking for ranlib
configure:5393: found /usr/bin/ranlib
configure:5404: result: ranlib
configure:5481: checking for gawk
configure:5511: result: no
configure:5481: checking for mawk
configure:5511: result: no
configure:5481: checking for nawk
configure:5511: result: no
configure:5481: checking for awk
configure:5497: found /usr/bin/awk
configure:5508: result: awk
configure:5548: checking command to parse /usr/bin/nm -B output from gcc object
configure:5701: gcc -c -g -O2  conftest.c >&5
configure:5704: $? = 0
configure:5708: /usr/bin/nm -B conftest.o \| sed -n -e 's/^.*[ ]\([BCDEGRST][BCDEGRST]*\)[ ][ ]*\([_A-Za-z][_A-Za-z0-9]*\)$/\1 \2 \2/p' | sed '/ __gnu_lto/d' \> conftest.nm
configure:5711: $? = 0
cannot find nm_test_var in conftest.nm
configure:5701: gcc -c -g -O2  conftest.c >&5
configure:5704: $? = 0
configure:5708: /usr/bin/nm -B conftest.o \| sed -n -e 's/^.*[ ]\([BCDEGRST][BCDEGRST]*\)[ ][ ]*_\([_A-Za-z][_A-Za-z0-9]*\)$/\1 _\2 \2/p' | sed '/ __gnu_lto/d' \> conftest.nm
configure:5711: $? = 0
configure:5777: gcc -o conftest -g -O2   conftest.c conftstm.o >&5
warning: (x86_64)  could not find object file symbol for symbol _main
configure:5780: $? = 0
configure:5818: result: ok
configure:5865: checking for sysroot
configure:5895: result: no
configure:5902: checking for a working dd
configure:5940: result: /bin/dd
configure:5944: checking how to truncate binary pipes
configure:5959: result: /bin/dd bs=4096 count=1
configure:6288: checking for mt
configure:6318: result: no
configure:6338: checking if : is a manifest tool
configure:6344: : '-?'
configure:6352: result: no
configure:6408: checking for dsymutil
configure:6424: found /usr/bin/dsymutil
configure:6435: result: dsymutil
configure:6500: checking for nmedit
configure:6516: found /usr/bin/nmedit
configure:6527: result: nmedit
configure:6592: checking for lipo
configure:6608: found /usr/bin/lipo
configure:6619: result: lipo
configure:6684: checking for otool
configure:6700: found /usr/bin/otool
configure:6711: result: otool
configure:6776: checking for otool64
configure:6806: result: no
configure:6851: checking for -single_module linker flag
gcc -g -O2  -o libconftest.dylib -dynamiclib -Wl,-single_module conftest.c
configure:6884: result: yes
configure:6887: checking for -exported_symbols_list linker flag
configure:6907: gcc -o conftest -g -O2   -Wl,-exported_symbols_list,conftest.sym conftest.c  >&5
configure:6907: $? = 0
configure:6917: result: yes
configure:6920: checking for -force_load linker flag
gcc -g -O2 -c -o conftest.o conftest.c
ar cru libconftest.a conftest.o
ranlib libconftest.a
gcc -g -O2  -o conftest conftest.c -Wl,-force_load,./libconftest.a
configure:6952: result: yes
configure:7029: checking how to run the C preprocessor
configure:7060: gcc -E  conftest.c
configure:7060: $? = 0
configure:7074: gcc -E  conftest.c
conftest.c:9:10: fatal error: 'ac_nonexistent.h' file not found
#include <ac_nonexistent.h>
         ^
1 error generated.
configure:7074: $? = 1
configure: failed program was:
| /* confdefs.h */
| #define PACKAGE_NAME "expat"
| #define PACKAGE_TARNAME "expat"
| #define PACKAGE_VERSION "2.2.0"
| #define PACKAGE_STRING "expat 2.2.0"
| #define PACKAGE_BUGREPORT "expat-bugs@libexpat.org"
| #define PACKAGE_URL ""
| /* end confdefs.h.  */
| #include <ac_nonexistent.h>
configure:7099: result: gcc -E
configure:7119: gcc -E  conftest.c
configure:7119: $? = 0
configure:7133: gcc -E  conftest.c
conftest.c:9:10: fatal error: 'ac_nonexistent.h' file not found
#include <ac_nonexistent.h>
         ^
1 error generated.
configure:7133: $? = 1
configure: failed program was:
| /* confdefs.h */
| #define PACKAGE_NAME "expat"
| #define PACKAGE_TARNAME "expat"
| #define PACKAGE_VERSION "2.2.0"
| #define PACKAGE_STRING "expat 2.2.0"
| #define PACKAGE_BUGREPORT "expat-bugs@libexpat.org"
| #define PACKAGE_URL ""
| /* end confdefs.h.  */
| #include <ac_nonexistent.h>
configure:7162: checking for ANSI C header files
configure:7182: gcc -c -g -O2  conftest.c >&5
configure:7182: $? = 0
configure:7255: gcc -o conftest -g -O2   conftest.c  >&5
configure:7255: $? = 0
configure:7255: ./conftest
configure:7255: $? = 0
configure:7266: result: yes
configure:7279: checking for sys/types.h
configure:7279: gcc -c -g -O2  conftest.c >&5
configure:7279: $? = 0
configure:7279: result: yes
configure:7279: checking for sys/stat.h
configure:7279: gcc -c -g -O2  conftest.c >&5
configure:7279: $? = 0
configure:7279: result: yes
configure:7279: checking for stdlib.h
configure:7279: gcc -c -g -O2  conftest.c >&5
configure:7279: $? = 0
configure:7279: result: yes
configure:7279: checking for string.h
configure:7279: gcc -c -g -O2  conftest.c >&5
configure:7279: $? = 0
configure:7279: result: yes
configure:7279: checking for memory.h
configure:7279: gcc -c -g -O2  conftest.c >&5
configure:7279: $? = 0
configure:7279: result: yes
configure:7279: checking for strings.h
configure:7279: gcc -c -g -O2  conftest.c >&5
configure:7279: $? = 0
configure:7279: result: yes
configure:7279: checking for inttypes.h
configure:7279: gcc -c -g -O2  conftest.c >&5
configure:7279: $? = 0
configure:7279: result: yes
configure:7279: checking for stdint.h
configure:7279: gcc -c -g -O2  conftest.c >&5
configure:7279: $? = 0
configure:7279: result: yes
configure:7279: checking for unistd.h
configure:7279: gcc -c -g -O2  conftest.c >&5
configure:7279: $? = 0
configure:7279: result: yes
configure:7293: checking for dlfcn.h
configure:7293: gcc -c -g -O2  conftest.c >&5
configure:7293: $? = 0
configure:7293: result: yes
configure:7547: checking for objdir
configure:7562: result: .libs
configure:7826: checking if gcc supports -fno-rtti -fno-exceptions
configure:7844: gcc -c -g -O2  -fno-rtti -fno-exceptions conftest.c >&5
configure:7848: $? = 0
configure:7861: result: yes
configure:8219: checking for gcc option to produce PIC
configure:8226: result: -fno-common -DPIC
configure:8234: checking if gcc PIC flag -fno-common -DPIC works
configure:8252: gcc -c -g -O2  -fno-common -DPIC -DPIC conftest.c >&5
configure:8256: $? = 0
configure:8269: result: yes
configure:8298: checking if gcc static flag -static works
configure:8326: result: no
configure:8341: checking if gcc supports -c -o file.o
configure:8362: gcc -c -g -O2  -o out/conftest2.o conftest.c >&5
configure:8366: $? = 0
configure:8388: result: yes
configure:8396: checking if gcc supports -c -o file.o
configure:8443: result: yes
configure:8476: checking whether the gcc linker (/Applications/Xcode.app/Contents/Developer/Toolchains/XcodeDefault.xctoolchain/usr/bin/ld) supports shared libraries
configure:9735: result: yes
configure:9975: checking dynamic linker characteristics
configure:10806: result: darwin16.6.0 dyld
configure:10928: checking how to hardcode library paths into programs
configure:10953: result: immediate
configure:11501: checking whether stripping libraries is possible
configure:11515: result: yes
configure:11541: checking if libtool supports shared libraries
configure:11543: result: yes
configure:11546: checking whether to build shared libraries
configure:11571: result: yes
configure:11574: checking whether to build static libraries
configure:11578: result: yes
configure:11668: checking for gcc
configure:11695: result: gcc
configure:11924: checking for C compiler version
configure:11933: gcc --version >&5
Apple LLVM version 8.1.0 (clang-802.0.42)
Target: x86_64-apple-darwin16.6.0
Thread model: posix
InstalledDir: /Applications/Xcode.app/Contents/Developer/Toolchains/XcodeDefault.xctoolchain/usr/bin
Configured with: --prefix=/Applications/Xcode.app/Contents/Developer/usr --with-gxx-include-dir=/usr/include/c++/4.2.1
configure:11944: $? = 0
configure:11933: gcc -v >&5
Configured with: --prefix=/Applications/Xcode.app/Contents/Developer/usr --with-gxx-include-dir=/usr/include/c++/4.2.1
Apple LLVM version 8.1.0 (clang-802.0.42)
Target: x86_64-apple-darwin16.6.0
Thread model: posix
InstalledDir: /Applications/Xcode.app/Contents/Developer/Toolchains/XcodeDefault.xctoolchain/usr/bin
configure:11944: $? = 0
configure:11933: gcc -V >&5
clang: error: argument to '-V' is missing (expected 1 value)
clang: error: no input files
configure:11944: $? = 1
configure:11933: gcc -qversion >&5
clang: error: unknown argument: '-qversion'
clang: error: no input files
configure:11944: $? = 1
configure:11948: checking whether we are using the GNU C compiler
configure:11976: result: yes
configure:11985: checking whether gcc accepts -g
configure:12046: result: yes
configure:12063: checking for gcc option to accept ISO C89
configure:12139: result: none needed
configure:12217: checking for g++
configure:12233: found /usr/bin/g++
configure:12244: result: g++
configure:12271: checking for C++ compiler version
configure:12280: g++ --version >&5
Apple LLVM version 8.1.0 (clang-802.0.42)
Target: x86_64-apple-darwin16.6.0
Thread model: posix
InstalledDir: /Applications/Xcode.app/Contents/Developer/Toolchains/XcodeDefault.xctoolchain/usr/bin
Configured with: --prefix=/Applications/Xcode.app/Contents/Developer/usr --with-gxx-include-dir=/usr/include/c++/4.2.1
configure:12291: $? = 0
configure:12280: g++ -v >&5
Configured with: --prefix=/Applications/Xcode.app/Contents/Developer/usr --with-gxx-include-dir=/usr/include/c++/4.2.1
Apple LLVM version 8.1.0 (clang-802.0.42)
Target: x86_64-apple-darwin16.6.0
Thread model: posix
InstalledDir: /Applications/Xcode.app/Contents/Developer/Toolchains/XcodeDefault.xctoolchain/usr/bin
configure:12291: $? = 0
configure:12280: g++ -V >&5
clang: error: argument to '-V' is missing (expected 1 value)
clang: error: no input files
configure:12291: $? = 1
configure:12280: g++ -qversion >&5
clang: error: unknown argument: '-qversion'
clang: error: no input files
configure:12291: $? = 1
configure:12295: checking whether we are using the GNU C++ compiler
configure:12314: g++ -c   conftest.cpp >&5
configure:12314: $? = 0
configure:12323: result: yes
configure:12332: checking whether g++ accepts -g
configure:12352: g++ -c -g  conftest.cpp >&5
configure:12352: $? = 0
configure:12393: result: yes
configure:12434: checking how to run the C++ preprocessor
configure:12461: g++ -E  conftest.cpp
configure:12461: $? = 0
configure:12475: g++ -E  conftest.cpp
conftest.cpp:21:10: fatal error: 'ac_nonexistent.h' file not found
#include <ac_nonexistent.h>
         ^
1 error generated.
configure:12475: $? = 1
configure: failed program was:
| /* confdefs.h */
| #define PACKAGE_NAME "expat"
| #define PACKAGE_TARNAME "expat"
| #define PACKAGE_VERSION "2.2.0"
| #define PACKAGE_STRING "expat 2.2.0"
| #define PACKAGE_BUGREPORT "expat-bugs@libexpat.org"
| #define PACKAGE_URL ""
| #define STDC_HEADERS 1
| #define HAVE_SYS_TYPES_H 1
| #define HAVE_SYS_STAT_H 1
| #define HAVE_STDLIB_H 1
| #define HAVE_STRING_H 1
| #define HAVE_MEMORY_H 1
| #define HAVE_STRINGS_H 1
| #define HAVE_INTTYPES_H 1
| #define HAVE_STDINT_H 1
| #define HAVE_UNISTD_H 1
| #define HAVE_DLFCN_H 1
| #define LT_OBJDIR ".libs/"
| /* end confdefs.h.  */
| #include <ac_nonexistent.h>
configure:12500: result: g++ -E
configure:12520: g++ -E  conftest.cpp
configure:12520: $? = 0
configure:12534: g++ -E  conftest.cpp
conftest.cpp:21:10: fatal error: 'ac_nonexistent.h' file not found
#include <ac_nonexistent.h>
         ^
1 error generated.
configure:12534: $? = 1
configure: failed program was:
| /* confdefs.h */
| #define PACKAGE_NAME "expat"
| #define PACKAGE_TARNAME "expat"
| #define PACKAGE_VERSION "2.2.0"
| #define PACKAGE_STRING "expat 2.2.0"
| #define PACKAGE_BUGREPORT "expat-bugs@libexpat.org"
| #define PACKAGE_URL ""
| #define STDC_HEADERS 1
| #define HAVE_SYS_TYPES_H 1
| #define HAVE_SYS_STAT_H 1
| #define HAVE_STDLIB_H 1
| #define HAVE_STRING_H 1
| #define HAVE_MEMORY_H 1
| #define HAVE_STRINGS_H 1
| #define HAVE_INTTYPES_H 1
| #define HAVE_STDINT_H 1
| #define HAVE_UNISTD_H 1
| #define HAVE_DLFCN_H 1
| #define LT_OBJDIR ".libs/"
| /* end confdefs.h.  */
| #include <ac_nonexistent.h>
configure:12696: checking for ld used by g++
configure:12763: result: /Applications/Xcode.app/Contents/Developer/Toolchains/XcodeDefault.xctoolchain/usr/bin/ld
configure:12770: checking if the linker (/Applications/Xcode.app/Contents/Developer/Toolchains/XcodeDefault.xctoolchain/usr/bin/ld) is GNU ld
configure:12785: result: no
configure:12840: checking whether the g++ linker (/Applications/Xcode.app/Contents/Developer/Toolchains/XcodeDefault.xctoolchain/usr/bin/ld) supports shared libraries
configure:13913: result: yes
configure:13949: g++ -c -g -O2  conftest.cpp >&5
configure:13952: $? = 0
configure:14433: checking for g++ option to produce PIC
configure:14440: result: -fno-common -DPIC
configure:14448: checking if g++ PIC flag -fno-common -DPIC works
configure:14466: g++ -c -g -O2  -fno-common -DPIC -DPIC conftest.cpp >&5
configure:14470: $? = 0
configure:14483: result: yes
configure:14506: checking if g++ static flag -static works
configure:14534: result: no
configure:14546: checking if g++ supports -c -o file.o
configure:14567: g++ -c -g -O2  -o out/conftest2.o conftest.cpp >&5
configure:14571: $? = 0
configure:14593: result: yes
configure:14598: checking if g++ supports -c -o file.o
configure:14645: result: yes
configure:14675: checking whether the g++ linker (/Applications/Xcode.app/Contents/Developer/Toolchains/XcodeDefault.xctoolchain/usr/bin/ld) supports shared libraries
configure:14715: result: yes
configure:14856: checking dynamic linker characteristics
configure:15614: result: darwin16.6.0 dyld
configure:15679: checking how to hardcode library paths into programs
configure:15704: result: immediate
configure:15758: checking for a BSD-compatible install
configure:15826: result: /usr/local/bin/ginstall -c
configure:15841: checking whether gcc accepts -fexceptions
configure:15854: gcc -o conftest -g -O2 -Wall -Wmissing-prototypes -Wstrict-prototypes -fexceptions   conftest.c  >&5
configure:15854: $? = 0
configure:15855: result: yes
configure:15868: checking for ANSI C header files
configure:15972: result: yes
configure:15982: checking whether byte ordering is bigendian
configure:16004: gcc -c -g -O2 -Wall -Wmissing-prototypes -Wstrict-prototypes -fexceptions  conftest.c >&5
configure:16004: $? = 0
configure:16021: gcc -c -g -O2 -Wall -Wmissing-prototypes -Wstrict-prototypes -fexceptions  conftest.c >&5
conftest.c:29:2: error: use of undeclared identifier 'not'
 not big endian
 ^
1 error generated.
configure:16021: $? = 1
configure: failed program was:
| /* confdefs.h */
| #define PACKAGE_NAME "expat"
| #define PACKAGE_TARNAME "expat"
| #define PACKAGE_VERSION "2.2.0"
| #define PACKAGE_STRING "expat 2.2.0"
| #define PACKAGE_BUGREPORT "expat-bugs@libexpat.org"
| #define PACKAGE_URL ""
| #define STDC_HEADERS 1
| #define HAVE_SYS_TYPES_H 1
| #define HAVE_SYS_STAT_H 1
| #define HAVE_STDLIB_H 1
| #define HAVE_STRING_H 1
| #define HAVE_MEMORY_H 1
| #define HAVE_STRINGS_H 1
| #define HAVE_INTTYPES_H 1
| #define HAVE_STDINT_H 1
| #define HAVE_UNISTD_H 1
| #define HAVE_DLFCN_H 1
| #define LT_OBJDIR ".libs/"
| #define STDC_HEADERS 1
| /* end confdefs.h.  */
| #include <sys/types.h>
| #include <sys/param.h>
| int
| main ()
| {
| 
| #if BYTE_ORDER != BIG_ENDIAN
|  not big endian
| #endif
|   ;
|   return 0;
| }
configure:16057: result: no
configure:16110: checking for an ANSI C-conforming const
configure:16176: gcc -c -g -O2 -Wall -Wmissing-prototypes -Wstrict-prototypes -fexceptions  conftest.c >&5
configure:16176: $? = 0
configure:16183: result: yes
configure:16191: checking for size_t
configure:16191: gcc -c -g -O2 -Wall -Wmissing-prototypes -Wstrict-prototypes -fexceptions  conftest.c >&5
configure:16191: $? = 0
configure:16191: gcc -c -g -O2 -Wall -Wmissing-prototypes -Wstrict-prototypes -fexceptions  conftest.c >&5
conftest.c:59:21: error: expected expression
if (sizeof ((size_t)))
                    ^
1 error generated.
configure:16191: $? = 1
configure: failed program was:
| /* confdefs.h */
| #define PACKAGE_NAME "expat"
| #define PACKAGE_TARNAME "expat"
| #define PACKAGE_VERSION "2.2.0"
| #define PACKAGE_STRING "expat 2.2.0"
| #define PACKAGE_BUGREPORT "expat-bugs@libexpat.org"
| #define PACKAGE_URL ""
| #define STDC_HEADERS 1
| #define HAVE_SYS_TYPES_H 1
| #define HAVE_SYS_STAT_H 1
| #define HAVE_STDLIB_H 1
| #define HAVE_STRING_H 1
| #define HAVE_MEMORY_H 1
| #define HAVE_STRINGS_H 1
| #define HAVE_INTTYPES_H 1
| #define HAVE_STDINT_H 1
| #define HAVE_UNISTD_H 1
| #define HAVE_DLFCN_H 1
| #define LT_OBJDIR ".libs/"
| #define STDC_HEADERS 1
| #define BYTEORDER 1234
| /* end confdefs.h.  */
| #include <stdio.h>
| #ifdef HAVE_SYS_TYPES_H
| # include <sys/types.h>
| #endif
| #ifdef HAVE_SYS_STAT_H
| # include <sys/stat.h>
| #endif
| #ifdef STDC_HEADERS
| # include <stdlib.h>
| # include <stddef.h>
| #else
| # ifdef HAVE_STDLIB_H
| #  include <stdlib.h>
| # endif
| #endif
| #ifdef HAVE_STRING_H
| # if !defined STDC_HEADERS && defined HAVE_MEMORY_H
| #  include <memory.h>
| # endif
| # include <string.h>
| #endif
| #ifdef HAVE_STRINGS_H
| # include <strings.h>
| #endif
| #ifdef HAVE_INTTYPES_H
| # include <inttypes.h>
| #endif
| #ifdef HAVE_STDINT_H
| # include <stdint.h>
| #endif
| #ifdef HAVE_UNISTD_H
| # include <unistd.h>
| #endif
| int
| main ()
| {
| if (sizeof ((size_t)))
| 	    return 0;
|   ;
|   return 0;
| }
configure:16191: result: yes
configure:16205: checking for memmove
configure:16205: gcc -o conftest -g -O2 -Wall -Wmissing-prototypes -Wstrict-prototypes -fexceptions   conftest.c  >&5
conftest.c:46:6: warning: incompatible redeclaration of library function 'memmove' [-Wincompatible-library-redeclaration]
char memmove ();
     ^
conftest.c:46:6: note: 'memmove' is a builtin with type 'void *(void *, const void *, unsigned long)'
1 warning generated.
configure:16205: $? = 0
configure:16205: result: yes
configure:16205: checking for bcopy
configure:16205: gcc -o conftest -g -O2 -Wall -Wmissing-prototypes -Wstrict-prototypes -fexceptions   conftest.c  >&5
configure:16205: $? = 0
configure:16205: result: yes
configure:16218: checking fcntl.h usability
configure:16218: gcc -c -g -O2 -Wall -Wmissing-prototypes -Wstrict-prototypes -fexceptions  conftest.c >&5
configure:16218: $? = 0
configure:16218: result: yes
configure:16218: checking fcntl.h presence
configure:16218: gcc -E  conftest.c
configure:16218: $? = 0
configure:16218: result: yes
configure:16218: checking for fcntl.h
configure:16218: result: yes
configure:16218: checking for unistd.h
configure:16218: result: yes
configure:16228: checking for off_t
configure:16228: gcc -c -g -O2 -Wall -Wmissing-prototypes -Wstrict-prototypes -fexceptions  conftest.c >&5
configure:16228: $? = 0
configure:16228: gcc -c -g -O2 -Wall -Wmissing-prototypes -Wstrict-prototypes -fexceptions  conftest.c >&5
conftest.c:63:20: error: expected expression
if (sizeof ((off_t)))
                   ^
1 error generated.
configure:16228: $? = 1
configure: failed program was:
| /* confdefs.h */
| #define PACKAGE_NAME "expat"
| #define PACKAGE_TARNAME "expat"
| #define PACKAGE_VERSION "2.2.0"
| #define PACKAGE_STRING "expat 2.2.0"
| #define PACKAGE_BUGREPORT "expat-bugs@libexpat.org"
| #define PACKAGE_URL ""
| #define STDC_HEADERS 1
| #define HAVE_SYS_TYPES_H 1
| #define HAVE_SYS_STAT_H 1
| #define HAVE_STDLIB_H 1
| #define HAVE_STRING_H 1
| #define HAVE_MEMORY_H 1
| #define HAVE_STRINGS_H 1
| #define HAVE_INTTYPES_H 1
| #define HAVE_STDINT_H 1
| #define HAVE_UNISTD_H 1
| #define HAVE_DLFCN_H 1
| #define LT_OBJDIR ".libs/"
| #define STDC_HEADERS 1
| #define BYTEORDER 1234
| #define HAVE_MEMMOVE 1
| #define HAVE_BCOPY 1
| #define HAVE_FCNTL_H 1
| #define HAVE_UNISTD_H 1
| /* end confdefs.h.  */
| #include <stdio.h>
| #ifdef HAVE_SYS_TYPES_H
| # include <sys/types.h>
| #endif
| #ifdef HAVE_SYS_STAT_H
| # include <sys/stat.h>
| #endif
| #ifdef STDC_HEADERS
| # include <stdlib.h>
| # include <stddef.h>
| #else
| # ifdef HAVE_STDLIB_H
| #  include <stdlib.h>
| # endif
| #endif
| #ifdef HAVE_STRING_H
| # if !defined STDC_HEADERS && defined HAVE_MEMORY_H
| #  include <memory.h>
| # endif
| # include <string.h>
| #endif
| #ifdef HAVE_STRINGS_H
| # include <strings.h>
| #endif
| #ifdef HAVE_INTTYPES_H
| # include <inttypes.h>
| #endif
| #ifdef HAVE_STDINT_H
| # include <stdint.h>
| #endif
| #ifdef HAVE_UNISTD_H
| # include <unistd.h>
| #endif
| int
| main ()
| {
| if (sizeof ((off_t)))
| 	    return 0;
|   ;
|   return 0;
| }
configure:16228: result: yes
configure:16245: checking for stdlib.h
configure:16245: result: yes
configure:16245: checking for unistd.h
configure:16245: result: yes
configure:16245: checking for sys/param.h
configure:16245: gcc -c -g -O2 -Wall -Wmissing-prototypes -Wstrict-prototypes -fexceptions  conftest.c >&5
configure:16245: $? = 0
configure:16245: result: yes
configure:16265: checking for getpagesize
configure:16265: gcc -o conftest -g -O2 -Wall -Wmissing-prototypes -Wstrict-prototypes -fexceptions   conftest.c  >&5
configure:16265: $? = 0
configure:16265: result: yes
configure:16274: checking for working mmap
configure:16421: gcc -o conftest -g -O2 -Wall -Wmissing-prototypes -Wstrict-prototypes -fexceptions   conftest.c  >&5
configure:16421: $? = 0
configure:16421: ./conftest
configure:16421: $? = 0
configure:16431: result: yes
configure:16460: checking for gcc option to accept ISO C99
configure:16609: gcc  -c -g -O2 -Wall -Wmissing-prototypes -Wstrict-prototypes -fexceptions  conftest.c >&5
configure:16609: $? = 0
configure:16622: result: none needed
configure:16730: checking for gcc option to accept ISO Standard C
configure:16741: result: none needed
configure:16748: checking for an ANSI C99-conforming __func__
configure:16764: gcc -c -g -O2 -Wall -Wmissing-prototypes -Wstrict-prototypes -fexceptions  conftest.c >&5
conftest.c:36:7: warning: initializing 'char *' with an expression of type 'const char [5]' discards qualifiers [-Wincompatible-pointer-types-discards-qualifiers]
char *foo = __func__;
      ^     ~~~~~~~~
conftest.c:36:7: warning: unused variable 'foo' [-Wunused-variable]
2 warnings generated.
configure:16764: $? = 0
configure:16787: result: yes
configure:16927: creating ./config.status

## ---------------------- ##
## Running config.status. ##
## ---------------------- ##

This file was extended by expat config.status 2.2.0, which was
generated by GNU Autoconf 2.69.  Invocation command line was

  CONFIG_FILES    = 
  CONFIG_HEADERS  = 
  CONFIG_LINKS    = 
  CONFIG_COMMANDS = 
  $ ./config.status 

on MikeSmith-2.local

config.status:1122: creating Makefile
config.status:1225: WARNING:  'Makefile.in' seems to ignore the --datarootdir setting
config.status:1122: creating expat.pc
config.status:1122: creating expat_config.h
config.status:1311: executing libtool commands

## ---------------- ##
## Cache variables. ##
## ---------------- ##

ac_cv_build=x86_64-apple-darwin16.6.0
ac_cv_c_bigendian=no
ac_cv_c_compiler_gnu=yes
ac_cv_c_const=yes
ac_cv_cpp_func=yes
ac_cv_cxx_compiler_gnu=yes
ac_cv_env_CCC_set=
ac_cv_env_CCC_value=
ac_cv_env_CC_set=
ac_cv_env_CC_value=
ac_cv_env_CFLAGS_set=
ac_cv_env_CFLAGS_value=
ac_cv_env_CPPFLAGS_set=
ac_cv_env_CPPFLAGS_value=
ac_cv_env_CPP_set=
ac_cv_env_CPP_value=
ac_cv_env_CXXCPP_set=
ac_cv_env_CXXCPP_value=
ac_cv_env_CXXFLAGS_set=
ac_cv_env_CXXFLAGS_value=
ac_cv_env_CXX_set=
ac_cv_env_CXX_value=
ac_cv_env_LDFLAGS_set=
ac_cv_env_LDFLAGS_value=
ac_cv_env_LIBS_set=
ac_cv_env_LIBS_value=
ac_cv_env_LT_SYS_LIBRARY_PATH_set=
ac_cv_env_LT_SYS_LIBRARY_PATH_value=
ac_cv_env_build_alias_set=
ac_cv_env_build_alias_value=
ac_cv_env_host_alias_set=
ac_cv_env_host_alias_value=
ac_cv_env_target_alias_set=
ac_cv_env_target_alias_value=
ac_cv_func_bcopy=yes
ac_cv_func_getpagesize=yes
ac_cv_func_memmove=yes
ac_cv_func_mmap_fixed_mapped=yes
ac_cv_header_dlfcn_h=yes
ac_cv_header_fcntl_h=yes
ac_cv_header_inttypes_h=yes
ac_cv_header_memory_h=yes
ac_cv_header_stdc=yes
ac_cv_header_stdint_h=yes
ac_cv_header_stdlib_h=yes
ac_cv_header_string_h=yes
ac_cv_header_strings_h=yes
ac_cv_header_sys_param_h=yes
ac_cv_header_sys_stat_h=yes
ac_cv_header_sys_types_h=yes
ac_cv_header_unistd_h=yes
ac_cv_host=x86_64-apple-darwin16.6.0
ac_cv_objext=o
ac_cv_path_EGREP='/usr/local/bin/ggrep -E'
ac_cv_path_FGREP='/usr/local/bin/ggrep -F'
ac_cv_path_GREP=/usr/local/bin/ggrep
ac_cv_path_SED=/usr/local/bin/gsed
ac_cv_path_install='/usr/local/bin/ginstall -c'
ac_cv_path_lt_DD=/bin/dd
ac_cv_prog_AWK=awk
ac_cv_prog_CPP='gcc -E'
ac_cv_prog_CXXCPP='g++ -E'
ac_cv_prog_ac_ct_AR=ar
ac_cv_prog_ac_ct_CC=gcc
ac_cv_prog_ac_ct_CXX=g++
ac_cv_prog_ac_ct_DLLTOOL=dlltool
ac_cv_prog_ac_ct_DSYMUTIL=dsymutil
ac_cv_prog_ac_ct_LIPO=lipo
ac_cv_prog_ac_ct_NMEDIT=nmedit
ac_cv_prog_ac_ct_OBJDUMP=objdump
ac_cv_prog_ac_ct_OTOOL=otool
ac_cv_prog_ac_ct_RANLIB=ranlib
ac_cv_prog_ac_ct_STRIP=strip
ac_cv_prog_cc_c89=
ac_cv_prog_cc_c99=
ac_cv_prog_cc_g=yes
ac_cv_prog_cc_stdc=
ac_cv_prog_cxx_g=yes
ac_cv_type_off_t=yes
ac_cv_type_size_t=yes
lt_cv_apple_cc_single_mod=yes
lt_cv_ar_at_file=no
lt_cv_deplibs_check_method=pass_all
lt_cv_file_magic_cmd='$MAGIC_CMD'
lt_cv_file_magic_test_file=
lt_cv_ld_exported_symbols_list=yes
lt_cv_ld_force_load=yes
lt_cv_ld_reload_flag=-r
lt_cv_nm_interface='BSD nm'
lt_cv_objdir=.libs
lt_cv_path_LD=/Applications/Xcode.app/Contents/Developer/Toolchains/XcodeDefault.xctoolchain/usr/bin/ld
lt_cv_path_LDCXX=/Applications/Xcode.app/Contents/Developer/Toolchains/XcodeDefault.xctoolchain/usr/bin/ld
lt_cv_path_NM='/usr/bin/nm -B'
lt_cv_path_mainfest_tool=no
lt_cv_prog_compiler_c_o=yes
lt_cv_prog_compiler_c_o_CXX=yes
lt_cv_prog_compiler_pic='-fno-common -DPIC'
lt_cv_prog_compiler_pic_CXX='-fno-common -DPIC'
lt_cv_prog_compiler_pic_works=yes
lt_cv_prog_compiler_pic_works_CXX=yes
lt_cv_prog_compiler_rtti_exceptions=yes
lt_cv_prog_compiler_static_works=no
lt_cv_prog_compiler_static_works_CXX=no
lt_cv_prog_gnu_ld=no
lt_cv_prog_gnu_ldcxx=no
lt_cv_sharedlib_from_linklib_cmd='printf %s\n'
lt_cv_sys_global_symbol_pipe='sed -n -e '\''s/^.*[	 ]\([BCDEGRST][BCDEGRST]*\)[	 ][	 ]*_\([_A-Za-z][_A-Za-z0-9]*\)$/\1 _\2 \2/p'\'' | sed '\''/ __gnu_lto/d'\'''
lt_cv_sys_global_symbol_to_c_name_address='sed -n -e '\''s/^: \(.*\) .*$/  {"\1", (void *) 0},/p'\'' -e '\''s/^[BCDEGRST][BCDEGRST]* .* \(.*\)$/  {"\1", (void *) \&\1},/p'\'''
lt_cv_sys_global_symbol_to_c_name_address_lib_prefix='sed -n -e '\''s/^: \(.*\) .*$/  {"\1", (void *) 0},/p'\'' -e '\''s/^[BCDEGRST][BCDEGRST]* .* \(lib.*\)$/  {"\1", (void *) \&\1},/p'\'' -e '\''s/^[BCDEGRST][BCDEGRST]* .* \(.*\)$/  {"lib\1", (void *) \&\1},/p'\'''
lt_cv_sys_global_symbol_to_cdecl='sed -n -e '\''s/^T .* \(.*\)$/extern int \1();/p'\'' -e '\''s/^[BCDEGRST][BCDEGRST]* .* \(.*\)$/extern char \1;/p'\'''
lt_cv_sys_global_symbol_to_import=
lt_cv_sys_max_cmd_len=196608
lt_cv_to_host_file_cmd=func_convert_file_noop
lt_cv_to_tool_file_cmd=func_convert_file_noop
lt_cv_truncate_bin='/bin/dd bs=4096 count=1'

## ----------------- ##
## Output variables. ##
## ----------------- ##

AR='ar'
AS='as'
AWK='awk'
CC='gcc'
CFLAGS='-g -O2 -Wall -Wmissing-prototypes -Wstrict-prototypes -fexceptions'
CPP='gcc -E'
CPPFLAGS=''
CXX='g++'
CXXCPP='g++ -E'
CXXFLAGS='-g -O2'
DEFS='-DHAVE_CONFIG_H'
DLLTOOL='dlltool'
DSYMUTIL='dsymutil'
DUMPBIN=''
ECHO_C='\c'
ECHO_N=''
ECHO_T=''
EGREP='/usr/local/bin/ggrep -E'
EXEEXT=''
FGREP='/usr/local/bin/ggrep -F'
FILEMAP='unixfilemap'
GREP='/usr/local/bin/ggrep'
INSTALL_DATA='${INSTALL} -m 644'
INSTALL_PROGRAM='${INSTALL}'
INSTALL_SCRIPT='${INSTALL}'
LD='/Applications/Xcode.app/Contents/Developer/Toolchains/XcodeDefault.xctoolchain/usr/bin/ld'
LDFLAGS=''
LIBAGE='6'
LIBCURRENT='7'
LIBOBJS=''
LIBREVISION='2'
LIBS=''
LIBTOOL='$(SHELL) $(top_builddir)/libtool'
LIPO='lipo'
LN_S='ln -s'
LTLIBOBJS=''
LT_SYS_LIBRARY_PATH=''
MANIFEST_TOOL=':'
NM='/usr/bin/nm -B'
NMEDIT='nmedit'
OBJDUMP='objdump'
OBJEXT='o'
OTOOL64=':'
OTOOL='otool'
PACKAGE_BUGREPORT='expat-bugs@libexpat.org'
PACKAGE_NAME='expat'
PACKAGE_STRING='expat 2.2.0'
PACKAGE_TARNAME='expat'
PACKAGE_URL=''
PACKAGE_VERSION='2.2.0'
PATH_SEPARATOR=':'
RANLIB='ranlib'
SED='/usr/local/bin/gsed'
SHELL='/bin/sh'
STRIP='strip'
ac_ct_AR='ar'
ac_ct_CC='gcc'
ac_ct_CXX='g++'
ac_ct_DUMPBIN=''
bindir='${exec_prefix}/bin'
build='x86_64-apple-darwin16.6.0'
build_alias=''
build_cpu='x86_64'
build_os='darwin16.6.0'
build_vendor='apple'
datadir='${datarootdir}'
datarootdir='${prefix}/share'
docdir='${datarootdir}/doc/${PACKAGE_TARNAME}'
dvidir='${docdir}'
exec_prefix='${prefix}'
host='x86_64-apple-darwin16.6.0'
host_alias=''
host_cpu='x86_64'
host_os='darwin16.6.0'
host_vendor='apple'
htmldir='${docdir}'
includedir='${prefix}/include'
infodir='${datarootdir}/info'
libdir='${exec_prefix}/lib'
libexecdir='${exec_prefix}/libexec'
localedir='${datarootdir}/locale'
localstatedir='${prefix}/var'
mandir='${datarootdir}/man'
oldincludedir='/usr/include'
pdfdir='${docdir}'
prefix='/usr/local'
program_transform_name='s,x,x,'
psdir='${docdir}'
sbindir='${exec_prefix}/sbin'
sharedstatedir='${prefix}/com'
sysconfdir='${prefix}/etc'
target_alias=''

## ----------- ##
## confdefs.h. ##
## ----------- ##

/* confdefs.h */
#define PACKAGE_NAME "expat"
#define PACKAGE_TARNAME "expat"
#define PACKAGE_VERSION "2.2.0"
#define PACKAGE_STRING "expat 2.2.0"
#define PACKAGE_BUGREPORT "expat-bugs@libexpat.org"
#define PACKAGE_URL ""
#define STDC_HEADERS 1
#define HAVE_SYS_TYPES_H 1
#define HAVE_SYS_STAT_H 1
#define HAVE_STDLIB_H 1
#define HAVE_STRING_H 1
#define HAVE_MEMORY_H 1
#define HAVE_STRINGS_H 1
#define HAVE_INTTYPES_H 1
#define HAVE_STDINT_H 1
#define HAVE_UNISTD_H 1
#define HAVE_DLFCN_H 1
#define LT_OBJDIR ".libs/"
#define STDC_HEADERS 1
#define BYTEORDER 1234
#define HAVE_MEMMOVE 1
#define HAVE_BCOPY 1
#define HAVE_FCNTL_H 1
#define HAVE_UNISTD_H 1
#define HAVE_STDLIB_H 1
#define HAVE_UNISTD_H 1
#define HAVE_SYS_PARAM_H 1
#define HAVE_GETPAGESIZE 1
#define HAVE_MMAP 1
#define XML_NS 1
#define XML_DTD 1
#define XML_CONTEXT_BYTES 1024

configure: exit 0
